2024-12-13 14:18:16,741 - INFO - Fetching housing data...
2024-12-13 14:18:16,979 - INFO - Housing data fetched and extracted.
2024-12-13 14:18:16,979 - INFO - Loading housing data...
2024-12-13 14:18:17,006 - INFO - Preparing data...
2024-12-13 14:18:17,019 - INFO - Data preparation completed.
2024-12-13 14:18:17,019 - INFO - Preprocessing data...
2024-12-13 14:18:17,034 - INFO - Preprocessing completed.
2024-12-13 14:18:17,038 - INFO - Preprocessing data...
2024-12-13 14:18:17,044 - INFO - Preprocessing completed.
2024-12-13 14:18:17,045 - INFO - Training model...
2024-12-13 14:29:49,653 - INFO - Model training completed.
2024-12-13 14:29:49,654 - INFO - Evaluating model...
2024-12-13 14:29:49,940 - INFO - Model evaluation completed. RMSE: 46785.064102381024
2024-12-18 18:23:18,672 - INFO - Fetching housing data...
2024-12-18 18:23:19,322 - INFO - Housing data fetched and extracted.
2024-12-18 18:23:19,322 - INFO - Loading housing data...
2024-12-18 18:23:19,347 - INFO - Preparing data...
2024-12-18 18:23:19,359 - INFO - Data preparation completed.
2024-12-18 18:23:19,359 - INFO - Preprocessing data...
2024-12-18 18:23:19,371 - INFO - Preprocessing completed.
2024-12-18 18:23:19,374 - INFO - Preprocessing data...
2024-12-18 18:23:19,379 - INFO - Preprocessing completed.
2024-12-18 18:23:19,380 - INFO - Training model...
2024-12-18 18:31:07,755 - INFO - Fetching housing data...
2024-12-18 18:31:08,240 - INFO - Housing data fetched and extracted.
2024-12-18 18:31:08,240 - INFO - Loading housing data...
2024-12-18 18:31:08,264 - INFO - Preparing data...
2024-12-18 18:31:08,276 - INFO - Data preparation completed.
2024-12-18 18:31:08,276 - INFO - Preprocessing data...
2024-12-18 18:31:08,287 - INFO - Preprocessing completed.
2024-12-18 18:31:08,289 - INFO - Preprocessing data...
2024-12-18 18:31:08,294 - INFO - Preprocessing completed.
2024-12-18 18:31:08,295 - INFO - Training model...
2024-12-18 18:41:41,334 - INFO - Model training completed.
2024-12-18 18:41:41,334 - INFO - Evaluating model...
2024-12-18 18:41:41,609 - INFO - Model evaluation completed. RMSE: 46785.064102381024
